<?xml version="1.0" encoding="UTF-8"?>
<!-- Generated by org.testng.reporters.JUnitXMLReporter -->
<testsuite ignored="0" hostname="LAPTOP-5LLEVI82" failures="0" tests="4" name="SubmitOrder" time="42.036" errors="0" timestamp="2024-04-20T18:53:32 IST">
  <testcase classname="Tests.StandAloneTestPOM" name="submitOrder" time="5.698"/>
  <testcase classname="Tests.StandAloneTestPOM" name="submitOrder" time="6.081"/>
  <testcase classname="Tests.StandAloneTestPOM" name="orderHistory" time="0.96"/>
  <testcase classname="Tests.StandAloneTestPOM" name="orderHistory" time="0.919"/>
</testsuite> <!-- SubmitOrder -->
